Arguments: 
  C:\Program Files\nodejs\node.exe C:\Program Files\nodejs\node_modules\yarn\bin\yarn.js add csvjson

PATH: 
  C:\ProgramData\Oracle\Java\javapath;C:\WINDOWS\system32;C:\WINDOWS;C:\WINDOWS\System32\Wbem;C:\WINDOWS\System32\WindowsPowerShell\v1.0\;C:\WINDOWS\System32\OpenSSH\;C:\Program Files\Git\cmd;C:\Users\Omar\AppData\Roaming\nvm;C:\Program Files\nodejs;C:\Users\Omar\AppData\Local\Microsoft\WindowsApps;C:\Users\Omar\AppData\Local\Programs\Microsoft VS Code\bin;C:\Users\Omar\AppData\Local\nvs\;C:\Users\Omar\AppData\Roaming\nvm;C:\Program Files\nodejs

Yarn version: 
  1.22.17

Node version: 
  16.13.2

Platform: 
  win32 x64

Trace: 
  Error: getaddrinfo EAI_AGAIN registry.yarnpkg.com
      at GetAddrInfoReqWrap.onlookup [as oncomplete] (node:dns:71:26)

npm manifest: 
  {
    "name": "data-generators",
    "version": "1.0.0",
    "description": "Data generator app",
    "author": "hamza <hamzahalilovic.12@gmail.com>",
    "main": "index.js",
    "license": "MIT",
    "devDependencies": {
      "faker": "5.5.3"
    },
    "dependencies": {
      "csvjson": "^5.1.0",
      "json-2-csv": "^3.16.0",
      "json2csv": "^5.0.6"
    }
  }

yarn manifest: 
  No manifest

Lockfile: 
  # THIS IS AN AUTOGENERATED FILE. DO NOT EDIT THIS FILE DIRECTLY.
  # yarn lockfile v1
  
  
  commander@^6.1.0:
    version "6.2.1"
    resolved "https://registry.npmjs.org/commander/-/commander-6.2.1.tgz"
    integrity sha512-U7VdrJFnJgo4xjrHpTzu0yrHPGImdsmD95ZlgYSEajAn2JKzDhDTPG9kBTefmObL2w/ngeZnilk+OV9CG3d7UA==
  
  csvjson@^5.1.0:
    version "5.1.0"
    resolved "https://registry.yarnpkg.com/csvjson/-/csvjson-5.1.0.tgz#f055660824ebfb44dc089d901267fdc5d9e8414a"
    integrity sha512-OqALQHA0k2rEGluOWikwFq5qtkRUDyoWP2u0UJy8uFjFx5FPMjPzx7D2Hn2KjBLpc8jkGrT9HDNgTUfopDlqVg==
  
  deeks@2.5.1:
    version "2.5.1"
    resolved "https://registry.npmjs.org/deeks/-/deeks-2.5.1.tgz"
    integrity sha512-fqrBeUz7f1UqaXDRzVB5RG2EfPk15HJRrb2pMZj8mLlSTtz4tRPsK5leFOskoHFPuyZ6+7aRM9j657fvXLkJ7Q==
  
  doc-path@3.0.2:
    version "3.0.2"
    resolved "https://registry.npmjs.org/doc-path/-/doc-path-3.0.2.tgz"
    integrity sha512-VRlA2OKSjTbHWj6wmSanxJ338fE/YN8pqmZ0FIWK5JWkIJMFRc4KmD35JtOrnjvVG0WrzOtDDNHx1lN1tkb+lA==
  
  faker@5.5.3:
    version "5.5.3"
    resolved "https://registry.npmjs.org/faker/-/faker-5.5.3.tgz"
    integrity sha512-wLTv2a28wjUyWkbnX7u/ABZBkUkIF2fCd73V6P2oFqEGEktDfzWx4UxrSqtPRw0xPRAcjeAOIiJWqZm3pP4u3g==
  
  json-2-csv@^3.16.0:
    version "3.16.0"
    resolved "https://registry.npmjs.org/json-2-csv/-/json-2-csv-3.16.0.tgz"
    integrity sha512-bWZ4KkZPwr69K8k2tBFN0NtjMtHDS67ovDnk1yoCJOrJNCF+TIGPCI+jOx3Nbpugnk2fhFQVSxsIcpDZrxrMEw==
    dependencies:
      deeks "2.5.1"
      doc-path "3.0.2"
  
  json2csv@^5.0.6:
    version "5.0.6"
    resolved "https://registry.npmjs.org/json2csv/-/json2csv-5.0.6.tgz"
    integrity sha512-0/4Lv6IenJV0qj2oBdgPIAmFiKKnh8qh7bmLFJ+/ZZHLjSeiL3fKKGX3UryvKPbxFbhV+JcYo9KUC19GJ/Z/4A==
    dependencies:
      commander "^6.1.0"
      jsonparse "^1.3.1"
      lodash.get "^4.4.2"
  
  jsonparse@^1.3.1:
    version "1.3.1"
    resolved "https://registry.npmjs.org/jsonparse/-/jsonparse-1.3.1.tgz"
    integrity sha1-P02uSpH6wxX3EGL4UhzCOfE2YoA=
  
  lodash.get@^4.4.2:
    version "4.4.2"
    resolved "https://registry.npmjs.org/lodash.get/-/lodash.get-4.4.2.tgz"
    integrity sha1-LRd/ZS+jHpObRDjVNBSZ36OCXpk=
